# JRE version: OpenJDK Runtime Environment Corretto-11.0.11.9.1 (11.0.11+9) (build 11.0.11+9-LTS)
# Java VM: OpenJDK 64-Bit Server VM Corretto-11.0.11.9.1 (11.0.11+9-LTS, mixed mode, tiered, compressed oops, g1 gc, windows-amd64)
Heap:
 garbage-first heap   total 78848K, used 23245K [0x00000000c1000000, 0x0000000100000000)
  region size 1024K, 4 young (4096K), 4 survivors (4096K)
 Metaspace       used 40482K, capacity 41437K, committed 41596K, reserved 1093632K
  class space    used 4740K, capacity 5177K, committed 5296K, reserved 1048576K
GC Heap History (20 events):
Event: 0.734 GC heap before
{Heap before GC invocations=0 (full 0):
 garbage-first heap   total 65536K, used 14336K [0x00000000c1000000, 0x0000000100000000)
  region size 1024K, 14 young (14336K), 0 survivors (0K)
 Metaspace       used 9571K, capacity 9726K, committed 9984K, reserved 1058816K
  class space    used 873K, capacity 923K, committed 1024K, reserved 1048576K
}
Event: 0.743 GC heap after
{Heap after GC invocations=1 (full 0):
 garbage-first heap   total 65536K, used 7365K [0x00000000c1000000, 0x0000000100000000)
  region size 1024K, 2 young (2048K), 2 survivors (2048K)
 Metaspace       used 9571K, capacity 9726K, committed 9984K, reserved 1058816K
  class space    used 873K, capacity 923K, committed 1024K, reserved 1048576K
}
Event: 1.630 GC heap before
{Heap before GC invocations=1 (full 0):
 garbage-first heap   total 65536K, used 16581K [0x00000000c1000000, 0x0000000100000000)
  region size 1024K, 11 young (11264K), 2 survivors (2048K)
 Metaspace       used 12450K, capacity 12608K, committed 12800K, reserved 1060864K
  class space    used 1205K, capacity 1272K, committed 1280K, reserved 1048576K
}
Event: 1.635 GC heap after
{Heap after GC invocations=2 (full 0):
 garbage-first heap   total 65536K, used 8101K [0x00000000c1000000, 0x0000000100000000)
  region size 1024K, 1 young (1024K), 1 survivors (1024K)
 Metaspace       used 12450K, capacity 12608K, committed 12800K, reserved 1060864K
  class space    used 1205K, capacity 1272K, committed 1280K, reserved 1048576K
}
Event: 2.157 GC heap before
{Heap before GC invocations=2 (full 0):
 garbage-first heap   total 65536K, used 27557K [0x00000000c1000000, 0x0000000100000000)
  region size 1024K, 21 young (21504K), 1 survivors (1024K)
 Metaspace       used 16102K, capacity 16447K, committed 16640K, reserved 1064960K
  class space    used 1611K, capacity 1750K, committed 1792K, reserved 1048576K
}
Event: 2.162 GC heap after
{Heap after GC invocations=3 (full 0):
 garbage-first heap   total 65536K, used 8988K [0x00000000c1000000, 0x0000000100000000)
  region size 1024K, 2 young (2048K), 2 survivors (2048K)
 Metaspace       used 16102K, capacity 16447K, committed 16640K, reserved 1064960K
  class space    used 1611K, capacity 1750K, committed 1792K, reserved 1048576K
}
Event: 2.675 GC heap before
{Heap before GC invocations=3 (full 0):
 garbage-first heap   total 65536K, used 31516K [0x00000000c1000000, 0x0000000100000000)
  region size 1024K, 25 young (25600K), 2 survivors (2048K)
 Metaspace       used 18723K, capacity 19150K, committed 19328K, reserved 1067008K
  class space    used 1940K, capacity 2100K, committed 2176K, reserved 1048576K
}
Event: 2.684 GC heap after
{Heap after GC invocations=4 (full 0):
 garbage-first heap   total 65536K, used 9593K [0x00000000c1000000, 0x0000000100000000)
  region size 1024K, 3 young (3072K), 3 survivors (3072K)
 Metaspace       used 18723K, capacity 19150K, committed 19328K, reserved 1067008K
  class space    used 1940K, capacity 2100K, committed 2176K, reserved 1048576K
}
Event: 2.990 GC heap before
{Heap before GC invocations=4 (full 0):
 garbage-first heap   total 65536K, used 18809K [0x00000000c1000000, 0x0000000100000000)
  region size 1024K, 13 young (13312K), 3 survivors (3072K)
 Metaspace       used 20725K, capacity 21185K, committed 21296K, reserved 1069056K
  class space    used 2141K, capacity 2306K, committed 2352K, reserved 1048576K
}
Event: 3.000 GC heap after
{Heap after GC invocations=5 (full 0):
 garbage-first heap   total 65536K, used 11069K [0x00000000c1000000, 0x0000000100000000)
  region size 1024K, 3 young (3072K), 3 survivors (3072K)
 Metaspace       used 20725K, capacity 21185K, committed 21296K, reserved 1069056K
  class space    used 2141K, capacity 2306K, committed 2352K, reserved 1048576K
}
Event: 3.697 GC heap before
{Heap before GC invocations=6 (full 0):
 garbage-first heap   total 65536K, used 39741K [0x00000000c1000000, 0x0000000100000000)
  region size 1024K, 31 young (31744K), 3 survivors (3072K)
 Metaspace       used 24490K, capacity 24975K, committed 25212K, reserved 1071104K
  class space    used 2670K, capacity 2867K, committed 2992K, reserved 1048576K
}
Event: 3.710 GC heap after
{Heap after GC invocations=7 (full 0):
 garbage-first heap   total 65536K, used 13105K [0x00000000c1000000, 0x0000000100000000)
  region size 1024K, 4 young (4096K), 4 survivors (4096K)
 Metaspace       used 24490K, capacity 24975K, committed 25212K, reserved 1071104K
  class space    used 2670K, capacity 2867K, committed 2992K, reserved 1048576K
}
Event: 6.587 GC heap before
{Heap before GC invocations=7 (full 0):
 garbage-first heap   total 65536K, used 41777K [0x00000000c1000000, 0x0000000100000000)
  region size 1024K, 32 young (32768K), 4 survivors (4096K)
 Metaspace       used 30658K, capacity 31416K, committed 31740K, reserved 1077248K
  class space    used 3475K, capacity 3772K, committed 3888K, reserved 1048576K
}
Event: 6.598 GC heap after
{Heap after GC invocations=8 (full 0):
 garbage-first heap   total 78848K, used 14197K [0x00000000c1000000, 0x0000000100000000)
  region size 1024K, 3 young (3072K), 3 survivors (3072K)
 Metaspace       used 30658K, capacity 31416K, committed 31740K, reserved 1077248K
  class space    used 3475K, capacity 3772K, committed 3888K, reserved 1048576K
}
Event: 32.049 GC heap before
{Heap before GC invocations=8 (full 0):
 garbage-first heap   total 78848K, used 46965K [0x00000000c1000000, 0x0000000100000000)
  region size 1024K, 31 young (31744K), 3 survivors (3072K)
 Metaspace       used 34945K, capacity 35801K, committed 35964K, reserved 1081344K
  class space    used 4057K, capacity 4422K, committed 4528K, reserved 1048576K
}
Event: 32.061 GC heap after
{Heap after GC invocations=9 (full 0):
 garbage-first heap   total 78848K, used 21034K [0x00000000c1000000, 0x0000000100000000)
  region size 1024K, 3 young (3072K), 3 survivors (3072K)
 Metaspace       used 34945K, capacity 35801K, committed 35964K, reserved 1081344K
  class space    used 4057K, capacity 4422K, committed 4528K, reserved 1048576K
}
Event: 45.528 GC heap before
{Heap before GC invocations=10 (full 0):
 garbage-first heap   total 78848K, used 52778K [0x00000000c1000000, 0x0000000100000000)
  region size 1024K, 34 young (34816K), 3 survivors (3072K)
 Metaspace       used 39039K, capacity 40053K, committed 40316K, reserved 1085440K
  class space    used 4536K, capacity 4952K, committed 5040K, reserved 1048576K
}
Event: 45.542 GC heap after
{Heap after GC invocations=11 (full 0):
 garbage-first heap   total 78848K, used 22043K [0x00000000c1000000, 0x0000000100000000)
  region size 1024K, 3 young (3072K), 3 survivors (3072K)
 Metaspace       used 39039K, capacity 40053K, committed 40316K, reserved 1085440K
  class space    used 4536K, capacity 4952K, committed 5040K, reserved 1048576K
}
Event: 46.218 GC heap before
{Heap before GC invocations=11 (full 0):
 garbage-first heap   total 78848K, used 34331K [0x00000000c1000000, 0x0000000100000000)
  region size 1024K, 16 young (16384K), 3 survivors (3072K)
 Metaspace       used 40482K, capacity 41437K, committed 41596K, reserved 1091584K
  class space    used 4740K, capacity 5177K, committed 5296K, reserved 1048576K
}
Event: 46.232 GC heap after
{Heap after GC invocations=12 (full 0):
 garbage-first heap   total 78848K, used 23245K [0x00000000c1000000, 0x0000000100000000)
  region size 1024K, 4 young (4096K), 4 survivors (4096K)
 Metaspace       used 40482K, capacity 41437K, committed 41596K, reserved 1091584K
  class space    used 4740K, capacity 5177K, committed 5296K, reserved 1048576K
}

