# JRE version: OpenJDK Runtime Environment Temurin-17.0.3+7 (17.0.3+7) (build 17.0.3+7)
# Java VM: OpenJDK 64-Bit Server VM Temurin-17.0.3+7 (17.0.3+7, mixed mode, tiered, compressed oops, compressed class ptrs, g1 gc, windows-amd64)
GC Precious Log:
 CPUs: 4 total, 4 available
 Memory: 4026M
 Large Page Support: Disabled
 NUMA Support: Disabled
 Compressed Oops: Enabled (32-bit)
 Heap Region Size: 1M
 Heap Min Capacity: 8M
 Heap Initial Capacity: 64M
 Heap Max Capacity: 1008M
 Pre-touch: Disabled
 Parallel Workers: 4
 Concurrent Workers: 1
 Concurrent Refinement Workers: 4
 Periodic GC: Disabled
Heap:
 garbage-first heap   total 45056K, used 27999K [0x00000000c1000000, 0x0000000100000000)
  region size 1024K, 6 young (6144K), 2 survivors (2048K)
 Metaspace       used 35371K, committed 35648K, reserved 1081344K
  class space    used 4091K, committed 4224K, reserved 1048576K
GC Heap History (14 events):
Event: 1.296 GC heap before
{Heap before GC invocations=0 (full 0):
 garbage-first heap   total 65536K, used 13312K [0x00000000c1000000, 0x0000000100000000)
  region size 1024K, 13 young (13312K), 0 survivors (0K)
 Metaspace       used 11657K, committed 11840K, reserved 1064960K
  class space    used 1101K, committed 1152K, reserved 1048576K
}
Event: 1.303 GC heap after
{Heap after GC invocations=1 (full 0):
 garbage-first heap   total 65536K, used 6592K [0x00000000c1000000, 0x0000000100000000)
  region size 1024K, 2 young (2048K), 2 survivors (2048K)
 Metaspace       used 11657K, committed 11840K, reserved 1064960K
  class space    used 1101K, committed 1152K, reserved 1048576K
}
Event: 1.730 GC heap before
{Heap before GC invocations=1 (full 0):
 garbage-first heap   total 65536K, used 16832K [0x00000000c1000000, 0x0000000100000000)
  region size 1024K, 12 young (12288K), 2 survivors (2048K)
 Metaspace       used 14953K, committed 15232K, reserved 1064960K
  class space    used 1473K, committed 1600K, reserved 1048576K
}
Event: 1.736 GC heap after
{Heap after GC invocations=2 (full 0):
 garbage-first heap   total 65536K, used 7183K [0x00000000c1000000, 0x0000000100000000)
  region size 1024K, 1 young (1024K), 1 survivors (1024K)
 Metaspace       used 14953K, committed 15232K, reserved 1064960K
  class space    used 1473K, committed 1600K, reserved 1048576K
}
Event: 2.557 GC heap before
{Heap before GC invocations=2 (full 0):
 garbage-first heap   total 65536K, used 26639K [0x00000000c1000000, 0x0000000100000000)
  region size 1024K, 21 young (21504K), 1 survivors (1024K)
 Metaspace       used 20244K, committed 20544K, reserved 1073152K
  class space    used 2084K, committed 2240K, reserved 1048576K
}
Event: 2.570 GC heap after
{Heap after GC invocations=3 (full 0):
 garbage-first heap   total 65536K, used 10837K [0x00000000c1000000, 0x0000000100000000)
  region size 1024K, 3 young (3072K), 3 survivors (3072K)
 Metaspace       used 20244K, committed 20544K, reserved 1073152K
  class space    used 2084K, committed 2240K, reserved 1048576K
}
Event: 2.792 GC heap before
{Heap before GC invocations=3 (full 0):
 garbage-first heap   total 65536K, used 14933K [0x00000000c1000000, 0x0000000100000000)
  region size 1024K, 8 young (8192K), 3 survivors (3072K)
 Metaspace       used 21258K, committed 21504K, reserved 1073152K
  class space    used 2234K, committed 2368K, reserved 1048576K
}
Event: 2.800 GC heap after
{Heap after GC invocations=4 (full 0):
 garbage-first heap   total 65536K, used 11396K [0x00000000c1000000, 0x0000000100000000)
  region size 1024K, 1 young (1024K), 1 survivors (1024K)
 Metaspace       used 21258K, committed 21504K, reserved 1073152K
  class space    used 2234K, committed 2368K, reserved 1048576K
}
Event: 4.188 GC heap before
{Heap before GC invocations=5 (full 0):
 garbage-first heap   total 45056K, used 33924K [0x00000000c1000000, 0x0000000100000000)
  region size 1024K, 25 young (25600K), 1 survivors (1024K)
 Metaspace       used 29333K, committed 29568K, reserved 1081344K
  class space    used 3250K, committed 3328K, reserved 1048576K
}
Event: 4.193 GC heap after
{Heap after GC invocations=6 (full 0):
 garbage-first heap   total 45056K, used 12884K [0x00000000c1000000, 0x0000000100000000)
  region size 1024K, 2 young (2048K), 2 survivors (2048K)
 Metaspace       used 29333K, committed 29568K, reserved 1081344K
  class space    used 3250K, committed 3328K, reserved 1048576K
}
Event: 4.457 GC heap before
{Heap before GC invocations=6 (full 0):
 garbage-first heap   total 45056K, used 30292K [0x00000000c1000000, 0x0000000100000000)
  region size 1024K, 19 young (19456K), 2 survivors (2048K)
 Metaspace       used 30790K, committed 31104K, reserved 1081344K
  class space    used 3477K, committed 3648K, reserved 1048576K
}
Event: 4.461 GC heap after
{Heap after GC invocations=7 (full 0):
 garbage-first heap   total 45056K, used 13315K [0x00000000c1000000, 0x0000000100000000)
  region size 1024K, 1 young (1024K), 1 survivors (1024K)
 Metaspace       used 30790K, committed 31104K, reserved 1081344K
  class space    used 3477K, committed 3648K, reserved 1048576K
}
Event: 11.118 GC heap before
{Heap before GC invocations=7 (full 0):
 garbage-first heap   total 45056K, used 38915K [0x00000000c1000000, 0x0000000100000000)
  region size 1024K, 17 young (17408K), 1 survivors (1024K)
 Metaspace       used 34642K, committed 34944K, reserved 1081344K
  class space    used 3989K, committed 4160K, reserved 1048576K
}
Event: 11.123 GC heap after
{Heap after GC invocations=8 (full 0):
 garbage-first heap   total 45056K, used 24927K [0x00000000c1000000, 0x0000000100000000)
  region size 1024K, 2 young (2048K), 2 survivors (2048K)
 Metaspace       used 34642K, committed 34944K, reserved 1081344K
  class space    used 3989K, committed 4160K, reserved 1048576K
}

