# JRE version: OpenJDK Runtime Environment Temurin-17.0.3+7 (17.0.3+7) (build 17.0.3+7)
# Java VM: OpenJDK 64-Bit Server VM Temurin-17.0.3+7 (17.0.3+7, mixed mode, tiered, compressed oops, compressed class ptrs, g1 gc, windows-amd64)
GC Precious Log:
 CPUs: 4 total, 4 available
 Memory: 4026M
 Large Page Support: Disabled
 NUMA Support: Disabled
 Compressed Oops: Enabled (32-bit)
 Heap Region Size: 1M
 Heap Min Capacity: 8M
 Heap Initial Capacity: 64M
 Heap Max Capacity: 1008M
 Pre-touch: Disabled
 Parallel Workers: 4
 Concurrent Workers: 1
 Concurrent Refinement Workers: 4
 Periodic GC: Disabled
Heap:
 garbage-first heap   total 45056K, used 32031K [0x00000000c1000000, 0x0000000100000000)
  region size 1024K, 3 young (3072K), 1 survivors (1024K)
 Metaspace       used 37356K, committed 37632K, reserved 1089536K
  class space    used 4319K, committed 4480K, reserved 1048576K
GC Heap History (20 events):
Event: 7.299 GC heap before
{Heap before GC invocations=1 (full 0):
 garbage-first heap   total 65536K, used 16604K [0x00000000c1000000, 0x0000000100000000)
  region size 1024K, 12 young (12288K), 2 survivors (2048K)
 Metaspace       used 15010K, committed 15232K, reserved 1064960K
  class space    used 1482K, committed 1600K, reserved 1048576K
}
Event: 7.304 GC heap after
{Heap after GC invocations=2 (full 0):
 garbage-first heap   total 65536K, used 6957K [0x00000000c1000000, 0x0000000100000000)
  region size 1024K, 1 young (1024K), 1 survivors (1024K)
 Metaspace       used 15010K, committed 15232K, reserved 1064960K
  class space    used 1482K, committed 1600K, reserved 1048576K
}
Event: 10.823 GC heap before
{Heap before GC invocations=2 (full 0):
 garbage-first heap   total 65536K, used 27437K [0x00000000c1000000, 0x0000000100000000)
  region size 1024K, 21 young (21504K), 1 survivors (1024K)
 Metaspace       used 20367K, committed 20608K, reserved 1073152K
  class space    used 2088K, committed 2240K, reserved 1048576K
}
Event: 10.835 GC heap after
{Heap after GC invocations=3 (full 0):
 garbage-first heap   total 65536K, used 10689K [0x00000000c1000000, 0x0000000100000000)
  region size 1024K, 3 young (3072K), 3 survivors (3072K)
 Metaspace       used 20367K, committed 20608K, reserved 1073152K
  class space    used 2088K, committed 2240K, reserved 1048576K
}
Event: 11.302 GC heap before
{Heap before GC invocations=3 (full 0):
 garbage-first heap   total 65536K, used 14785K [0x00000000c1000000, 0x0000000100000000)
  region size 1024K, 8 young (8192K), 3 survivors (3072K)
 Metaspace       used 21312K, committed 21504K, reserved 1073152K
  class space    used 2233K, committed 2368K, reserved 1048576K
}
Event: 11.309 GC heap after
{Heap after GC invocations=4 (full 0):
 garbage-first heap   total 65536K, used 11232K [0x00000000c1000000, 0x0000000100000000)
  region size 1024K, 1 young (1024K), 1 survivors (1024K)
 Metaspace       used 21312K, committed 21504K, reserved 1073152K
  class space    used 2233K, committed 2368K, reserved 1048576K
}
Event: 13.362 GC heap before
{Heap before GC invocations=5 (full 0):
 garbage-first heap   total 45056K, used 33760K [0x00000000c1000000, 0x0000000100000000)
  region size 1024K, 25 young (25600K), 1 survivors (1024K)
 Metaspace       used 29325K, committed 29568K, reserved 1081344K
  class space    used 3245K, committed 3328K, reserved 1048576K
}
Event: 13.367 GC heap after
{Heap after GC invocations=6 (full 0):
 garbage-first heap   total 45056K, used 12732K [0x00000000c1000000, 0x0000000100000000)
  region size 1024K, 2 young (2048K), 2 survivors (2048K)
 Metaspace       used 29325K, committed 29568K, reserved 1081344K
  class space    used 3245K, committed 3328K, reserved 1048576K
}
Event: 13.400 GC heap before
{Heap before GC invocations=6 (full 0):
 garbage-first heap   total 45056K, used 13756K [0x00000000c1000000, 0x0000000100000000)
  region size 1024K, 3 young (3072K), 2 survivors (2048K)
 Metaspace       used 29334K, committed 29568K, reserved 1081344K
  class space    used 3245K, committed 3328K, reserved 1048576K
}
Event: 13.404 GC heap after
{Heap after GC invocations=7 (full 0):
 garbage-first heap   total 45056K, used 12840K [0x00000000c1000000, 0x0000000100000000)
  region size 1024K, 1 young (1024K), 1 survivors (1024K)
 Metaspace       used 29334K, committed 29568K, reserved 1081344K
  class space    used 3245K, committed 3328K, reserved 1048576K
}
Event: 14.404 GC heap before
{Heap before GC invocations=7 (full 0):
 garbage-first heap   total 45056K, used 29224K [0x00000000c1000000, 0x0000000100000000)
  region size 1024K, 17 young (17408K), 1 survivors (1024K)
 Metaspace       used 30488K, committed 30784K, reserved 1081344K
  class space    used 3417K, committed 3584K, reserved 1048576K
}
Event: 14.406 GC heap after
{Heap after GC invocations=8 (full 0):
 garbage-first heap   total 45056K, used 12935K [0x00000000c1000000, 0x0000000100000000)
  region size 1024K, 1 young (1024K), 1 survivors (1024K)
 Metaspace       used 30488K, committed 30784K, reserved 1081344K
  class space    used 3417K, committed 3584K, reserved 1048576K
}
Event: 21.747 GC heap before
{Heap before GC invocations=8 (full 0):
 garbage-first heap   total 45056K, used 37511K [0x00000000c1000000, 0x0000000100000000)
  region size 1024K, 17 young (17408K), 1 survivors (1024K)
 Metaspace       used 34528K, committed 34816K, reserved 1081344K
  class space    used 3998K, committed 4160K, reserved 1048576K
}
Event: 21.751 GC heap after
{Heap after GC invocations=9 (full 0):
 garbage-first heap   total 45056K, used 24372K [0x00000000c1000000, 0x0000000100000000)
  region size 1024K, 2 young (2048K), 2 survivors (2048K)
 Metaspace       used 34528K, committed 34816K, reserved 1081344K
  class space    used 3998K, committed 4160K, reserved 1048576K
}
Event: 38.749 GC heap before
{Heap before GC invocations=9 (full 0):
 garbage-first heap   total 45056K, used 31540K [0x00000000c1000000, 0x0000000100000000)
  region size 1024K, 11 young (11264K), 2 survivors (2048K)
 Metaspace       used 35861K, committed 36096K, reserved 1081344K
  class space    used 4162K, committed 4288K, reserved 1048576K
}
Event: 38.755 GC heap after
{Heap after GC invocations=10 (full 0):
 garbage-first heap   total 45056K, used 25315K [0x00000000c1000000, 0x0000000100000000)
  region size 1024K, 1 young (1024K), 1 survivors (1024K)
 Metaspace       used 35861K, committed 36096K, reserved 1081344K
  class space    used 4162K, committed 4288K, reserved 1048576K
}
Event: 64.758 GC heap before
{Heap before GC invocations=11 (full 0):
 garbage-first heap   total 45056K, used 39651K [0x00000000c1000000, 0x0000000100000000)
  region size 1024K, 11 young (11264K), 1 survivors (1024K)
 Metaspace       used 36748K, committed 37056K, reserved 1089536K
  class space    used 4254K, committed 4416K, reserved 1048576K
}
Event: 64.761 GC heap after
{Heap after GC invocations=12 (full 0):
 garbage-first heap   total 45056K, used 31001K [0x00000000c1000000, 0x0000000100000000)
  region size 1024K, 2 young (2048K), 2 survivors (2048K)
 Metaspace       used 36748K, committed 37056K, reserved 1089536K
  class space    used 4254K, committed 4416K, reserved 1048576K
}
Event: 64.813 GC heap before
{Heap before GC invocations=12 (full 0):
 garbage-first heap   total 45056K, used 32025K [0x00000000c1000000, 0x0000000100000000)
  region size 1024K, 3 young (3072K), 2 survivors (2048K)
 Metaspace       used 36968K, committed 37248K, reserved 1089536K
  class space    used 4280K, committed 4416K, reserved 1048576K
}
Event: 64.820 GC heap after
{Heap after GC invocations=13 (full 0):
 garbage-first heap   total 45056K, used 31007K [0x00000000c1000000, 0x0000000100000000)
  region size 1024K, 1 young (1024K), 1 survivors (1024K)
 Metaspace       used 36968K, committed 37248K, reserved 1089536K
  class space    used 4280K, committed 4416K, reserved 1048576K
}

