# JRE version: OpenJDK Runtime Environment Corretto-11.0.11.9.1 (11.0.11+9) (build 11.0.11+9-LTS)
# Java VM: OpenJDK 64-Bit Server VM Corretto-11.0.11.9.1 (11.0.11+9-LTS, mixed mode, tiered, compressed oops, g1 gc, windows-amd64)
Heap:
 garbage-first heap   total 78848K, used 39654K [0x00000000c1000000, 0x0000000100000000)
  region size 1024K, 24 young (24576K), 3 survivors (3072K)
 Metaspace       used 33091K, capacity 33912K, committed 34172K, reserved 1079296K
  class space    used 3829K, capacity 4158K, committed 4272K, reserved 1048576K
GC Heap History (14 events):
Event: 0.746 GC heap before
{Heap before GC invocations=0 (full 0):
 garbage-first heap   total 65536K, used 14336K [0x00000000c1000000, 0x0000000100000000)
  region size 1024K, 14 young (14336K), 0 survivors (0K)
 Metaspace       used 9571K, capacity 9722K, committed 9984K, reserved 1058816K
  class space    used 873K, capacity 923K, committed 1024K, reserved 1048576K
}
Event: 0.754 GC heap after
{Heap after GC invocations=1 (full 0):
 garbage-first heap   total 65536K, used 7335K [0x00000000c1000000, 0x0000000100000000)
  region size 1024K, 2 young (2048K), 2 survivors (2048K)
 Metaspace       used 9571K, capacity 9722K, committed 9984K, reserved 1058816K
  class space    used 873K, capacity 923K, committed 1024K, reserved 1048576K
}
Event: 1.058 GC heap before
{Heap before GC invocations=1 (full 0):
 garbage-first heap   total 65536K, used 15527K [0x00000000c1000000, 0x0000000100000000)
  region size 1024K, 10 young (10240K), 2 survivors (2048K)
 Metaspace       used 12321K, capacity 12532K, committed 12544K, reserved 1060864K
  class space    used 1190K, capacity 1269K, committed 1280K, reserved 1048576K
}
Event: 1.064 GC heap after
{Heap after GC invocations=2 (full 0):
 garbage-first heap   total 65536K, used 8006K [0x00000000c1000000, 0x0000000100000000)
  region size 1024K, 1 young (1024K), 1 survivors (1024K)
 Metaspace       used 12321K, capacity 12532K, committed 12544K, reserved 1060864K
  class space    used 1190K, capacity 1269K, committed 1280K, reserved 1048576K
}
Event: 2.273 GC heap before
{Heap before GC invocations=2 (full 0):
 garbage-first heap   total 65536K, used 28486K [0x00000000c1000000, 0x0000000100000000)
  region size 1024K, 21 young (21504K), 1 survivors (1024K)
 Metaspace       used 16056K, capacity 16347K, committed 16640K, reserved 1064960K
  class space    used 1596K, capacity 1718K, committed 1792K, reserved 1048576K
}
Event: 2.278 GC heap after
{Heap after GC invocations=3 (full 0):
 garbage-first heap   total 65536K, used 8798K [0x00000000c1000000, 0x0000000100000000)
  region size 1024K, 2 young (2048K), 2 survivors (2048K)
 Metaspace       used 16056K, capacity 16347K, committed 16640K, reserved 1064960K
  class space    used 1596K, capacity 1718K, committed 1792K, reserved 1048576K
}
Event: 2.741 GC heap before
{Heap before GC invocations=3 (full 0):
 garbage-first heap   total 65536K, used 32350K [0x00000000c1000000, 0x0000000100000000)
  region size 1024K, 25 young (25600K), 2 survivors (2048K)
 Metaspace       used 18388K, capacity 18815K, committed 19072K, reserved 1067008K
  class space    used 1895K, capacity 2075K, committed 2176K, reserved 1048576K
}
Event: 2.748 GC heap after
{Heap after GC invocations=4 (full 0):
 garbage-first heap   total 65536K, used 9401K [0x00000000c1000000, 0x0000000100000000)
  region size 1024K, 2 young (2048K), 2 survivors (2048K)
 Metaspace       used 18388K, capacity 18815K, committed 19072K, reserved 1067008K
  class space    used 1895K, capacity 2075K, committed 2176K, reserved 1048576K
}
Event: 3.161 GC heap before
{Heap before GC invocations=4 (full 0):
 garbage-first heap   total 65536K, used 19641K [0x00000000c1000000, 0x0000000100000000)
  region size 1024K, 13 young (13312K), 2 survivors (2048K)
 Metaspace       used 20789K, capacity 21181K, committed 21296K, reserved 1069056K
  class space    used 2152K, capacity 2306K, committed 2352K, reserved 1048576K
}
Event: 3.172 GC heap after
{Heap after GC invocations=5 (full 0):
 garbage-first heap   total 65536K, used 11100K [0x00000000c1000000, 0x0000000100000000)
  region size 1024K, 4 young (4096K), 4 survivors (4096K)
 Metaspace       used 20789K, capacity 21181K, committed 21296K, reserved 1069056K
  class space    used 2152K, capacity 2306K, committed 2352K, reserved 1048576K
}
Event: 3.775 GC heap before
{Heap before GC invocations=6 (full 0):
 garbage-first heap   total 65536K, used 33628K [0x00000000c1000000, 0x0000000100000000)
  region size 1024K, 26 young (26624K), 4 survivors (4096K)
 Metaspace       used 23525K, capacity 24092K, committed 24316K, reserved 1071104K
  class space    used 2548K, capacity 2766K, committed 2864K, reserved 1048576K
}
Event: 3.788 GC heap after
{Heap after GC invocations=7 (full 0):
 garbage-first heap   total 78848K, used 12367K [0x00000000c1000000, 0x0000000100000000)
  region size 1024K, 3 young (3072K), 3 survivors (3072K)
 Metaspace       used 23525K, capacity 24092K, committed 24316K, reserved 1071104K
  class space    used 2548K, capacity 2766K, committed 2864K, reserved 1048576K
}
Event: 8.631 GC heap before
{Heap before GC invocations=7 (full 0):
 garbage-first heap   total 78848K, used 41039K [0x00000000c1000000, 0x0000000100000000)
  region size 1024K, 31 young (31744K), 3 survivors (3072K)
 Metaspace       used 29731K, capacity 30427K, committed 30588K, reserved 1077248K
  class space    used 3348K, capacity 3630K, committed 3760K, reserved 1048576K
}
Event: 8.640 GC heap after
{Heap after GC invocations=8 (full 0):
 garbage-first heap   total 78848K, used 14054K [0x00000000c1000000, 0x0000000100000000)
  region size 1024K, 3 young (3072K), 3 survivors (3072K)
 Metaspace       used 29731K, capacity 30427K, committed 30588K, reserved 1077248K
  class space    used 3348K, capacity 3630K, committed 3760K, reserved 1048576K
}

