<?xml version="1.0" encoding="UTF-8"?>
<!-- Generated by org.testng.reporters.JUnitXMLReporter -->
<testsuite ignored="2" hostname="HARISH-PC" failures="0" tests="2" name="Test" time="72.569" errors="0" timestamp="2022-11-18T10:31:36 IST">
  <testcase classname="vtiger.ContactsTests.CreateContactTest" name="createContactwithLeadSourceTest" time="10.081"/>
  <testcase classname="vtiger.ContactsTests.CreateContactTest" name="createContactwithLeadSourceAndOrgTest" time="10.013"/>
  <testcase classname="vtiger.ContactsTests.CreateContactTest" name="createContactDemoTest" time="0.0">
    <ignored/>
  </testcase> <!-- createContactDemoTest -->
  <testcase classname="vtiger.ContactsTests.CreateContactTest" name="createContactTest" time="0.0">
    <ignored/>
  </testcase> <!-- createContactTest -->
</testsuite> <!-- Test -->
