<?xml version="1.0" encoding="UTF-8"?>
<testng-results ignored="0" total="1" passed="1" failed="0" skipped="0">
  <reporter-output>
  </reporter-output>
  <suite started-at="2022-11-26T13:15:04 IST" name="Default suite" finished-at="2022-11-26T13:15:05 IST" duration-ms="499">
    <groups>
    </groups>
    <test started-at="2022-11-26T13:15:04 IST" name="Default test" finished-at="2022-11-26T13:15:05 IST" duration-ms="499">
      <class name="dataBaseConnection.SampleExecuteQuery">
        <test-method signature="sampleExecuteQuery()[pri:0, instance:dataBaseConnection.SampleExecuteQuery@3b6ddd1d]" started-at="2022-11-26T13:15:05 IST" name="sampleExecuteQuery" finished-at="2022-11-26T13:15:05 IST" duration-ms="431" status="PASS">
          <reporter-output>
          </reporter-output>
        </test-method> <!-- sampleExecuteQuery -->
      </class> <!-- dataBaseConnection.SampleExecuteQuery -->
    </test> <!-- Default test -->
  </suite> <!-- Default suite -->
</testng-results>
